  YellowHole.c
c:\cygwin\home\kimdaeryong\svn\source\soc_robotwar_inyro\source\huro\yellowhole.c(155): warning C4996: 'sprintf': This function or variable may be unsafe. Consider using sprintf_s instead. To disable deprecation, use _CRT_SECURE_NO_WARNINGS. See online help for details.
  c:\program files (x86)\windows kits\10\include\10.0.10240.0\ucrt\stdio.h(1769): note: see declaration of 'sprintf'
c:\cygwin\home\kimdaeryong\svn\source\soc_robotwar_inyro\source\huro\yellowhole.c(158): warning C4996: 'sprintf': This function or variable may be unsafe. Consider using sprintf_s instead. To disable deprecation, use _CRT_SECURE_NO_WARNINGS. See online help for details.
  c:\program files (x86)\windows kits\10\include\10.0.10240.0\ucrt\stdio.h(1769): note: see declaration of 'sprintf'
c:\cygwin\home\kimdaeryong\svn\source\soc_robotwar_inyro\source\huro\yellowhole.c(17): warning C4101: 'base_x': unreferenced local variable
c:\cygwin\home\kimdaeryong\svn\source\soc_robotwar_inyro\source\huro\yellowhole.c(18): warning C4101: 'diff': unreferenced local variable
c:\cygwin\home\kimdaeryong\svn\source\soc_robotwar_inyro\source\huro\yellowhole.c(304): warning C4996: 'sprintf': This function or variable may be unsafe. Consider using sprintf_s instead. To disable deprecation, use _CRT_SECURE_NO_WARNINGS. See online help for details.
  c:\program files (x86)\windows kits\10\include\10.0.10240.0\ucrt\stdio.h(1769): note: see declaration of 'sprintf'
c:\cygwin\home\kimdaeryong\svn\source\soc_robotwar_inyro\source\huro\yellowhole.c(307): warning C4996: 'sprintf': This function or variable may be unsafe. Consider using sprintf_s instead. To disable deprecation, use _CRT_SECURE_NO_WARNINGS. See online help for details.
  c:\program files (x86)\windows kits\10\include\10.0.10240.0\ucrt\stdio.h(1769): note: see declaration of 'sprintf'
c:\cygwin\home\kimdaeryong\svn\source\soc_robotwar_inyro\source\huro\yellowhole.c(171): warning C4101: 'base_x': unreferenced local variable
c:\cygwin\home\kimdaeryong\svn\source\soc_robotwar_inyro\source\huro\yellowhole.c(172): warning C4101: 'diff': unreferenced local variable
c:\cygwin\home\kimdaeryong\svn\source\soc_robotwar_inyro\source\huro\yellowhole.c(467): warning C4996: 'sprintf': This function or variable may be unsafe. Consider using sprintf_s instead. To disable deprecation, use _CRT_SECURE_NO_WARNINGS. See online help for details.
  c:\program files (x86)\windows kits\10\include\10.0.10240.0\ucrt\stdio.h(1769): note: see declaration of 'sprintf'
c:\cygwin\home\kimdaeryong\svn\source\soc_robotwar_inyro\source\huro\yellowhole.c(470): warning C4996: 'sprintf': This function or variable may be unsafe. Consider using sprintf_s instead. To disable deprecation, use _CRT_SECURE_NO_WARNINGS. See online help for details.
  c:\program files (x86)\windows kits\10\include\10.0.10240.0\ucrt\stdio.h(1769): note: see declaration of 'sprintf'
c:\cygwin\home\kimdaeryong\svn\source\soc_robotwar_inyro\source\huro\yellowhole.c(320): warning C4101: 'base_x': unreferenced local variable
c:\cygwin\home\kimdaeryong\svn\source\soc_robotwar_inyro\source\huro\yellowhole.c(321): warning C4101: 'diff': unreferenced local variable
c:\cygwin\home\kimdaeryong\svn\source\soc_robotwar_inyro\source\huro\yellowhole.c(519): warning C4996: 'sprintf': This function or variable may be unsafe. Consider using sprintf_s instead. To disable deprecation, use _CRT_SECURE_NO_WARNINGS. See online help for details.
  c:\program files (x86)\windows kits\10\include\10.0.10240.0\ucrt\stdio.h(1769): note: see declaration of 'sprintf'
c:\cygwin\home\kimdaeryong\svn\source\soc_robotwar_inyro\source\huro\yellowhole.c(606): warning C4996: 'sprintf': This function or variable may be unsafe. Consider using sprintf_s instead. To disable deprecation, use _CRT_SECURE_NO_WARNINGS. See online help for details.
  c:\program files (x86)\windows kits\10\include\10.0.10240.0\ucrt\stdio.h(1769): note: see declaration of 'sprintf'
c:\cygwin\home\kimdaeryong\svn\source\soc_robotwar_inyro\source\huro\yellowhole.c(609): warning C4996: 'sprintf': This function or variable may be unsafe. Consider using sprintf_s instead. To disable deprecation, use _CRT_SECURE_NO_WARNINGS. See online help for details.
  c:\program files (x86)\windows kits\10\include\10.0.10240.0\ucrt\stdio.h(1769): note: see declaration of 'sprintf'
c:\cygwin\home\kimdaeryong\svn\source\soc_robotwar_inyro\source\huro\yellowhole.c(741): warning C4996: 'sprintf': This function or variable may be unsafe. Consider using sprintf_s instead. To disable deprecation, use _CRT_SECURE_NO_WARNINGS. See online help for details.
  c:\program files (x86)\windows kits\10\include\10.0.10240.0\ucrt\stdio.h(1769): note: see declaration of 'sprintf'
c:\cygwin\home\kimdaeryong\svn\source\soc_robotwar_inyro\source\huro\yellowhole.c(744): warning C4996: 'sprintf': This function or variable may be unsafe. Consider using sprintf_s instead. To disable deprecation, use _CRT_SECURE_NO_WARNINGS. See online help for details.
  c:\program files (x86)\windows kits\10\include\10.0.10240.0\ucrt\stdio.h(1769): note: see declaration of 'sprintf'
c:\cygwin\home\kimdaeryong\svn\source\soc_robotwar_inyro\source\huro\yellowhole.c(620): warning C4101: 'base_x': unreferenced local variable
c:\cygwin\home\kimdaeryong\svn\source\soc_robotwar_inyro\source\huro\yellowhole.c(621): warning C4101: 'diff': unreferenced local variable
  Huro_Competition.vcxproj -> C:\cygwin\home\KimDaeRyong\SVN\Source\SoC_Robotwar_Inyro\Debug\Huro_Competition.exe
  Huro_Competition.vcxproj -> C:\cygwin\home\KimDaeRyong\SVN\Source\SoC_Robotwar_Inyro\Debug\Huro_Competition.pdb (Partial PDB)
